mode: set
github.com/aasaam/aes/go/aasaam_aes/aasaam_aes/aasaam_aes.go:23.27,27.2 3 1
github.com/aasaam/aes/go/aasaam_aes/aasaam_aes/aasaam_aes.go:30.42,32.16 2 1
github.com/aasaam/aes/go/aasaam_aes/aasaam_aes/aasaam_aes.go:35.2,36.13 2 1
github.com/aasaam/aes/go/aasaam_aes/aasaam_aes/aasaam_aes.go:32.16,33.21 1 0
github.com/aasaam/aes/go/aasaam_aes/aasaam_aes/aasaam_aes.go:40.66,44.2 3 1
github.com/aasaam/aes/go/aasaam_aes/aasaam_aes/aasaam_aes.go:49.67,51.23 2 1
github.com/aasaam/aes/go/aasaam_aes/aasaam_aes/aasaam_aes.go:54.2,56.16 3 1
github.com/aasaam/aes/go/aasaam_aes/aasaam_aes/aasaam_aes.go:59.2,59.41 1 1
github.com/aasaam/aes/go/aasaam_aes/aasaam_aes/aasaam_aes.go:62.2,62.11 1 1
github.com/aasaam/aes/go/aasaam_aes/aasaam_aes/aasaam_aes.go:51.23,53.3 1 1
github.com/aasaam/aes/go/aasaam_aes/aasaam_aes/aasaam_aes.go:56.16,58.3 1 0
github.com/aasaam/aes/go/aasaam_aes/aasaam_aes/aasaam_aes.go:59.41,61.3 1 1
github.com/aasaam/aes/go/aasaam_aes/aasaam_aes/aasaam_aes.go:66.52,68.16 2 1
github.com/aasaam/aes/go/aasaam_aes/aasaam_aes/aasaam_aes.go:71.2,74.16 4 1
github.com/aasaam/aes/go/aasaam_aes/aasaam_aes/aasaam_aes.go:78.2,80.13 3 1
github.com/aasaam/aes/go/aasaam_aes/aasaam_aes/aasaam_aes.go:68.16,69.21 1 0
github.com/aasaam/aes/go/aasaam_aes/aasaam_aes/aasaam_aes.go:74.16,75.21 1 0
github.com/aasaam/aes/go/aasaam_aes/aasaam_aes/aasaam_aes.go:86.52,88.16 2 1
github.com/aasaam/aes/go/aasaam_aes/aasaam_aes/aasaam_aes.go:91.2,95.16 4 1
github.com/aasaam/aes/go/aasaam_aes/aasaam_aes/aasaam_aes.go:98.2,99.16 2 1
github.com/aasaam/aes/go/aasaam_aes/aasaam_aes/aasaam_aes.go:102.2,103.16 2 1
github.com/aasaam/aes/go/aasaam_aes/aasaam_aes/aasaam_aes.go:106.2,106.26 1 1
github.com/aasaam/aes/go/aasaam_aes/aasaam_aes/aasaam_aes.go:88.16,90.3 1 0
github.com/aasaam/aes/go/aasaam_aes/aasaam_aes/aasaam_aes.go:95.16,97.3 1 0
github.com/aasaam/aes/go/aasaam_aes/aasaam_aes/aasaam_aes.go:99.16,101.3 1 0
github.com/aasaam/aes/go/aasaam_aes/aasaam_aes/aasaam_aes.go:103.16,105.3 1 1
